<?xml version="1.0" encoding="UTF-8"?>
<testng-results skipped="0" failed="0" ignored="0" total="1" passed="1">
  <reporter-output>
  </reporter-output>
  <suite name="Default suite" duration-ms="65779" started-at="2020-12-02T18:39:01 IST" finished-at="2020-12-02T18:40:06 IST">
    <groups>
    </groups>
    <test name="Default test" duration-ms="65779" started-at="2020-12-02T18:39:01 IST" finished-at="2020-12-02T18:40:06 IST">
      <class name="com.evProService.test.ChangePasswordScreenTest">
        <test-method status="PASS" signature="launchApplication()[pri:0, instance:com.evProService.test.ChangePasswordScreenTest@2781e022]" name="launchApplication" is-config="true" duration-ms="24861" started-at="2020-12-02T18:39:01 IST" finished-at="2020-12-02T18:39:26 IST">
          <reporter-output>
          </reporter-output>
        </test-method> <!-- launchApplication -->
        <test-method status="PASS" signature="changePassword()[pri:0, instance:com.evProService.test.ChangePasswordScreenTest@2781e022]" name="changePassword" duration-ms="39945" started-at="2020-12-02T18:39:26 IST" finished-at="2020-12-02T18:40:05 IST">
          <reporter-output>
          </reporter-output>
        </test-method> <!-- changePassword -->
        <test-method status="PASS" signature="tearDown()[pri:0, instance:com.evProService.test.ChangePasswordScreenTest@2781e022]" name="tearDown" is-config="true" duration-ms="937" started-at="2020-12-02T18:40:05 IST" finished-at="2020-12-02T18:40:06 IST">
          <reporter-output>
          </reporter-output>
        </test-method> <!-- tearDown -->
      </class> <!-- com.evProService.test.ChangePasswordScreenTest -->
    </test> <!-- Default test -->
  </suite> <!-- Default suite -->
</testng-results>
