<?xml version="1.0" encoding="UTF-8"?>
<!-- Generated by org.testng.reporters.JUnitXMLReporter -->
<testsuite hostname="DESKTOP-P3Q9HCG" name="Test" tests="4" failures="0" timestamp="14 Sep 2020 11:04:18 GMT" time="100.18" errors="0">
  <testcase name="forgotPassword" time="3.857" classname="cpms.webasto.test.ForgotPasswordPageTest"/>
  <testcase name="transactions" time="1.011" classname="cpms.webasto.test.DashboardPageTest"/>
  <testcase name="inventoryPage" time="6.877" classname="cpms.webasto.test.MaintenanceInventoryPageTest"/>
  <testcase name="signInPageTest" time="9.196" classname="cpms.webasto.test.SignInPageTest"/>
</testsuite> <!-- Test -->
