<?xml version="1.0" encoding="UTF-8"?>
<!-- Generated by org.testng.reporters.JUnitXMLReporter -->
<testsuite hostname="DESKTOP-HDPEOVG" name="Test" tests="3" failures="1" timestamp="22 Oct 2020 11:55:44 GMT" time="0.033" errors="0">
  <testcase name="connectChargePoint" time="0.005" classname="cpms.websocket.test.DiagnosticsTest">
    <skipped/>
  </testcase> <!-- connectChargePoint -->
  <testcase name="getDianostics" time="0.001" classname="cpms.webasto.test.GetDiagnosticsPageTest">
    <skipped/>
  </testcase> <!-- getDianostics -->
  <testcase name="getResponse" time="0.009" classname="cpms.websocket.test.DiagnosticsTest">
    <failure type="java.lang.NullPointerException">
      <![CDATA[java.lang.NullPointerException
	at cpms.websocket.test.DiagnosticsTest.getResponse(DiagnosticsTest.java:39)
... Removed 24 stack frames]]>
    </failure>
  </testcase> <!-- getResponse -->
</testsuite> <!-- Test -->
