<?xml version="1.0" encoding="UTF-8"?>
<testng-results skipped="0" failed="0" ignored="0" total="1" passed="1">
  <reporter-output>
  </reporter-output>
  <suite name="Default suite" duration-ms="32150" started-at="2020-10-25T19:22:22 IST" finished-at="2020-10-25T19:22:54 IST">
    <groups>
    </groups>
    <test name="Default test" duration-ms="32150" started-at="2020-10-25T19:22:22 IST" finished-at="2020-10-25T19:22:54 IST">
      <class name="cpms.webasto.test.FotaBuildsPageTest">
        <test-method status="PASS" signature="launchBrowser()[pri:0, instance:cpms.webasto.test.FotaBuildsPageTest@305fd85d]" name="launchBrowser" is-config="true" duration-ms="17093" started-at="2020-10-25T19:22:22 IST" finished-at="2020-10-25T19:22:39 IST">
          <reporter-output>
          </reporter-output>
        </test-method> <!-- launchBrowser -->
        <test-method status="PASS" signature="addFotaBuild()[pri:0, instance:cpms.webasto.test.FotaBuildsPageTest@305fd85d]" name="addFotaBuild" duration-ms="14271" started-at="2020-10-25T19:22:39 IST" finished-at="2020-10-25T19:22:53 IST">
          <reporter-output>
          </reporter-output>
        </test-method> <!-- addFotaBuild -->
        <test-method status="PASS" signature="tearDown()[pri:0, instance:cpms.webasto.test.FotaBuildsPageTest@305fd85d]" name="tearDown" is-config="true" duration-ms="736" started-at="2020-10-25T19:22:53 IST" finished-at="2020-10-25T19:22:54 IST">
          <reporter-output>
          </reporter-output>
        </test-method> <!-- tearDown -->
      </class> <!-- cpms.webasto.test.FotaBuildsPageTest -->
    </test> <!-- Default test -->
  </suite> <!-- Default suite -->
</testng-results>
