<?xml version="1.0" encoding="UTF-8"?>
<!-- Generated by org.testng.reporters.JUnitXMLReporter -->
<testsuite hostname="DESKTOP-P3Q9HCG" name="Default test" tests="3" failures="0" timestamp="23 Sep 2020 07:41:03 GMT" time="183.757" errors="0">
  <testcase name="inventoryBulkImport" time="15.567" classname="cpms.webasto.test.MaintenanceInventoryPageTest"/>
  <testcase name="chargePointFindInInventory" time="7.24" classname="cpms.webasto.test.MaintenanceInventoryPageTest"/>
  <testcase name="reassignToOrganization" time="103.243" classname="cpms.webasto.test.MaintenanceInventoryPageTest"/>
</testsuite> <!-- Default test -->
